<?xml version="1.0" encoding="UTF-8" ?>
<testsuite tests="15" failures="0" name="rpn.CLITest" time="0.1" errors="0" skipped="0">
  <properties>
    <property name="java.runtime.name" value="Java(TM) SE Runtime Environment"/>
    <property name="java.vm.version" value="11.0.2+9-LTS"/>
    <property name="sun.boot.library.path" value="/Library/Java/JavaVirtualMachines/jdk-11.0.2.jdk/Contents/Home/lib"/>
    <property name="gopherProxySet" value="false"/>
    <property name="maven.multiModuleProjectDirectory" value="/Users/yohann/Downloads/RPN-master 2"/>
    <property name="java.vm.vendor" value="Oracle Corporation"/>
    <property name="java.vendor.url" value="http://java.oracle.com/"/>
    <property name="guice.disable.misplaced.annotation.check" value="true"/>
    <property name="path.separator" value=":"/>
    <property name="java.vm.name" value="Java HotSpot(TM) 64-Bit Server VM"/>
    <property name="sun.os.patch.level" value="unknown"/>
    <property name="user.country" value="FR"/>
    <property name="sun.java.launcher" value="SUN_STANDARD"/>
    <property name="java.vm.specification.name" value="Java Virtual Machine Specification"/>
    <property name="user.dir" value="/Users/yohann/Downloads/RPN-master 2"/>
    <property name="java.vm.compressedOopsMode" value="Zero based"/>
    <property name="java.runtime.version" value="11.0.2+9-LTS"/>
    <property name="java.awt.graphicsenv" value="sun.awt.CGraphicsEnvironment"/>
    <property name="os.arch" value="x86_64"/>
    <property name="java.io.tmpdir" value="/var/folders/bk/yvlw4tvx4d12n6ywwf8kl6300000gn/T/"/>
    <property name="line.separator" value="
"/>
    <property name="java.vm.specification.vendor" value="Oracle Corporation"/>
    <property name="os.name" value="Mac OS X"/>
    <property name="classworlds.conf" value="/Users/yohann/.m2/wrapper/dists/apache-maven-3.5.2-bin/28qa8v9e2mq69covern8vmdkj0/apache-maven-3.5.2/bin/m2.conf"/>
    <property name="sun.jnu.encoding" value="UTF-8"/>
    <property name="java.library.path" value="/Users/yohann/Library/Java/Extensions:/Library/Java/Extensions:/Network/Library/Java/Extensions:/System/Library/Java/Extensions:/usr/lib/java:."/>
    <property name="maven.conf" value="/Users/yohann/.m2/wrapper/dists/apache-maven-3.5.2-bin/28qa8v9e2mq69covern8vmdkj0/apache-maven-3.5.2/conf"/>
    <property name="jdk.debug" value="release"/>
    <property name="java.class.version" value="55.0"/>
    <property name="java.specification.name" value="Java Platform API Specification"/>
    <property name="sun.management.compiler" value="HotSpot 64-Bit Tiered Compilers"/>
    <property name="os.version" value="10.14.5"/>
    <property name="http.nonProxyHosts" value="local|*.local|169.254/16|*.169.254/16"/>
    <property name="user.home" value="/Users/yohann"/>
    <property name="user.timezone" value="Europe/Paris"/>
    <property name="java.awt.printerjob" value="sun.lwawt.macosx.CPrinterJob"/>
    <property name="file.encoding" value="UTF-8"/>
    <property name="java.specification.version" value="11"/>
    <property name="user.name" value="yohann"/>
    <property name="java.class.path" value="/Users/yohann/Downloads/RPN-master 2/.mvn/wrapper/maven-wrapper.jar"/>
    <property name="java.vm.specification.version" value="11"/>
    <property name="sun.arch.data.model" value="64"/>
    <property name="sun.java.command" value="org.apache.maven.wrapper.MavenWrapperMain clean package"/>
    <property name="java.home" value="/Library/Java/JavaVirtualMachines/jdk-11.0.2.jdk/Contents/Home"/>
    <property name="user.language" value="fr"/>
    <property name="java.specification.vendor" value="Oracle Corporation"/>
    <property name="awt.toolkit" value="sun.lwawt.macosx.LWCToolkit"/>
    <property name="java.vm.info" value="mixed mode"/>
    <property name="java.version" value="11.0.2"/>
    <property name="java.vendor" value="Oracle Corporation"/>
    <property name="maven.home" value="/Users/yohann/.m2/wrapper/dists/apache-maven-3.5.2-bin/28qa8v9e2mq69covern8vmdkj0/apache-maven-3.5.2"/>
    <property name="file.separator" value="/"/>
    <property name="java.version.date" value="2019-01-15"/>
    <property name="java.vendor.url.bug" value="http://bugreport.java.com/bugreport/"/>
    <property name="sun.io.unicode.encoding" value="UnicodeBig"/>
    <property name="sun.cpu.endian" value="little"/>
    <property name="java.vendor.version" value="18.9"/>
    <property name="socksNonProxyHosts" value="local|*.local|169.254/16|*.169.254/16"/>
    <property name="ftp.nonProxyHosts" value="local|*.local|169.254/16|*.169.254/16"/>
    <property name="sun.cpu.isalist" value=""/>
  </properties>
  <testcase classname="rpn.CLITest" name="should_evaluate_varied_calculation" time="0.09"/>
  <testcase classname="rpn.CLITest" name="should_evaluate_simple_subtraction" time="0"/>
  <testcase classname="rpn.CLITest" name="should_evaluate_more_complex_subtraction" time="0.001"/>
  <testcase classname="rpn.CLITest" name="should_evaluate_simple_addition" time="0"/>
  <testcase classname="rpn.CLITest" name="should_evaluate_more_complex_division" time="0.001"/>
  <testcase classname="rpn.CLITest" name="should_evaluate_simple_decimal" time="0"/>
  <testcase classname="rpn.CLITest" name="should_evaluate_single_digit_constant" time="0"/>
  <testcase classname="rpn.CLITest" name="should_evaluate_more_complex_negative" time="0.004"/>
  <testcase classname="rpn.CLITest" name="should_evaluate_more_complex_decimal" time="0"/>
  <testcase classname="rpn.CLITest" name="should_evaluate_simple_division" time="0.002"/>
  <testcase classname="rpn.CLITest" name="should_evaluate_simple_negative" time="0.001"/>
  <testcase classname="rpn.CLITest" name="should_evaluate_simple_time" time="0"/>
  <testcase classname="rpn.CLITest" name="should_evaluate_multiple_digits_constant" time="0"/>
  <testcase classname="rpn.CLITest" name="should_evaluate_more_complex_time" time="0"/>
  <testcase classname="rpn.CLITest" name="should_evaluate_more_complex_addition" time="0.001"/>
</testsuite>